1609690973550	geckodriver	INFO	Listening on 127.0.0.1:51087
1609690973555	mozrunner::runner	INFO	Running command: "/usr/bin/firefox" "--marionette" "-foreground" "-no-remote" "-profile" "/tmp/rust_mozprofileoAheTC"
console.warn: SearchSettings: "get: No settings file exists, new profile?" (new Error("", "(unknown module)"))
1609690976751	Marionette	INFO	Listening on port 35235
1609690976977	Marionette	WARN	TLS certificate errors will be ignored for this session
1609690986200	Marionette	INFO	Stopped listening on port 35235
1609690987979	geckodriver	INFO	Listening on 127.0.0.1:44869
1609690987984	mozrunner::runner	INFO	Running command: "/usr/bin/firefox" "--marionette" "-foreground" "-no-remote" "-profile" "/tmp/rust_mozprofileuW7yzk"
console.warn: SearchSettings: "get: No settings file exists, new profile?" (new Error("", "(unknown module)"))
1609690991064	Marionette	INFO	Listening on port 36185
1609690991138	Marionette	WARN	TLS certificate errors will be ignored for this session
1609690997224	Marionette	INFO	Stopped listening on port 36185
1609691050996	geckodriver	INFO	Listening on 127.0.0.1:54445
1609691051001	mozrunner::runner	INFO	Running command: "/usr/bin/firefox" "--marionette" "-foreground" "-no-remote" "-profile" "/tmp/rust_mozprofileIVKeB0"
console.warn: SearchSettings: "get: No settings file exists, new profile?" (new Error("", "(unknown module)"))
1609691054381	Marionette	INFO	Listening on port 39515
1609691054457	Marionette	WARN	TLS certificate errors will be ignored for this session
1609691076909	Marionette	INFO	Stopped listening on port 39515

###!!! [Parent][RunMessage] Error: Channel closing: too late to send/recv, messages will be lost

1609691120413	geckodriver	INFO	Listening on 127.0.0.1:42357
1609691121418	mozrunner::runner	INFO	Running command: "/usr/bin/firefox" "--marionette" "-foreground" "-no-remote" "-profile" "/tmp/rust_mozprofileKQVV7c"
console.warn: SearchSettings: "get: No settings file exists, new profile?" (new Error("", "(unknown module)"))
1609691124577	Marionette	INFO	Listening on port 35985
1609691124663	Marionette	WARN	TLS certificate errors will be ignored for this session
1609691171005	geckodriver	INFO	Listening on 127.0.0.1:35841
1609691171010	mozrunner::runner	INFO	Running command: "/usr/bin/firefox" "--marionette" "-foreground" "-no-remote" "-profile" "/tmp/rust_mozprofilenmgkhh"
console.warn: SearchSettings: "get: No settings file exists, new profile?" (new Error("", "(unknown module)"))
1609691174325	Marionette	INFO	Listening on port 40401
1609691174448	Marionette	WARN	TLS certificate errors will be ignored for this session
1609691190529	Marionette	INFO	Stopped listening on port 40401

###!!! [Parent][RunMessage] Error: Channel closing: too late to send/recv, messages will be lost

1609691197141	Marionette	INFO	Stopped listening on port 35985

###!!! [Parent][RunMessage] Error: Channel closing: too late to send/recv, messages will be lost

1609692823385	geckodriver	INFO	Listening on 127.0.0.1:52717
1609692823392	mozrunner::runner	INFO	Running command: "/usr/bin/firefox" "--marionette" "-foreground" "-no-remote" "-profile" "/tmp/rust_mozprofileHuSEmi"
console.warn: SearchSettings: "get: No settings file exists, new profile?" (new Error("", "(unknown module)"))
1609692826610	Marionette	INFO	Listening on port 40887
1609692826744	Marionette	WARN	TLS certificate errors will be ignored for this session
JavaScript error: , line 0: NotFoundError: No such JSWindowActor 'MarionetteEvents'
1609692931145	geckodriver	INFO	Listening on 127.0.0.1:40167
1609692931151	mozrunner::runner	INFO	Running command: "/usr/bin/firefox" "--marionette" "-foreground" "-no-remote" "-profile" "/tmp/rust_mozprofile7gOZhn"
console.warn: SearchSettings: "get: No settings file exists, new profile?" (new Error("", "(unknown module)"))
1609692934337	Marionette	INFO	Listening on port 35977
1609692934409	Marionette	WARN	TLS certificate errors will be ignored for this session
JavaScript error: resource://gre/actors/AutoCompleteChild.jsm, line 125: Error: Invalid autocomplete selectedIndex
JavaScript error: resource://gre/actors/AutoCompleteChild.jsm, line 125: Error: Invalid autocomplete selectedIndex
JavaScript error: resource://gre/modules/LoginManagerChild.jsm, line 190: NS_ERROR_XPC_JAVASCRIPT_ERROR_WITH_DETAILS: [JavaScript Error: "Invalid autocomplete selectedIndex" {file: "resource://gre/actors/AutoCompleteChild.jsm" line: 125}]'[JavaScript Error: "Invalid autocomplete selectedIndex" {file: "resource://gre/actors/AutoCompleteChild.jsm" line: 125}]' when calling method: [nsIAutoCompletePopup::selectedIndex]
JavaScript error: https://ssl.gstatic.com/support/realtime/operator/1607504458979/operatordeferred_bin_base__en.js, line 104: uncaught exception: [object Object]
JavaScript error: https://ssl.gstatic.com/support/realtime/operator/1607504458979/operatordeferred_bin_base__en.js, line 104: uncaught exception: [object Object]
1609693200536	Marionette	INFO	Stopped listening on port 40887

###!!! [Parent][RunMessage] Error: Channel closing: too late to send/recv, messages will be lost

1609693835973	geckodriver	INFO	Listening on 127.0.0.1:39019
1609693836938	mozrunner::runner	INFO	Running command: "/usr/bin/firefox" "--marionette" "-foreground" "-no-remote" "-profile" "/tmp/rust_mozprofileP3EAWJ"
console.warn: SearchSettings: "get: No settings file exists, new profile?" (new Error("", "(unknown module)"))
1609693841644	Marionette	INFO	Listening on port 45287
1609693842072	Marionette	WARN	TLS certificate errors will be ignored for this session
JavaScript error: , line 0: NotFoundError: No such JSWindowActor 'MarionetteEvents'
JavaScript error: resource://gre/actors/AutoCompleteChild.jsm, line 125: Error: Invalid autocomplete selectedIndex
JavaScript error: resource://gre/actors/AutoCompleteChild.jsm, line 125: Error: Invalid autocomplete selectedIndex
JavaScript error: resource://gre/modules/LoginManagerChild.jsm, line 190: NS_ERROR_XPC_JAVASCRIPT_ERROR_WITH_DETAILS: [JavaScript Error: "Invalid autocomplete selectedIndex" {file: "resource://gre/actors/AutoCompleteChild.jsm" line: 125}]'[JavaScript Error: "Invalid autocomplete selectedIndex" {file: "resource://gre/actors/AutoCompleteChild.jsm" line: 125}]' when calling method: [nsIAutoCompletePopup::selectedIndex]

###!!! [Child][MessageChannel] Error: (msgtype=0x6C0027,name=PNecko::Msg_RemoveRequestContext) Channel closing: too late to send/recv, messages will be lost

1609693871598	Marionette	INFO	Stopped listening on port 45287
1609693887501	Marionette	INFO	Stopped listening on port 35977
1609693964692	geckodriver	INFO	Listening on 127.0.0.1:53407
1609693965693	mozrunner::runner	INFO	Running command: "/usr/bin/firefox" "--marionette" "-foreground" "-no-remote" "-profile" "/tmp/rust_mozprofiletri8m3"
console.warn: SearchSettings: "get: No settings file exists, new profile?" (new Error("", "(unknown module)"))
1609693970133	Marionette	INFO	Listening on port 46367
1609693970293	Marionette	WARN	TLS certificate errors will be ignored for this session
JavaScript error: , line 0: NotFoundError: No such JSWindowActor 'MarionetteEvents'
JavaScript error: resource://gre/actors/AutoCompleteChild.jsm, line 125: Error: Invalid autocomplete selectedIndex
JavaScript error: resource://gre/actors/AutoCompleteChild.jsm, line 125: Error: Invalid autocomplete selectedIndex
JavaScript error: resource://gre/modules/LoginManagerChild.jsm, line 190: NS_ERROR_XPC_JAVASCRIPT_ERROR_WITH_DETAILS: [JavaScript Error: "Invalid autocomplete selectedIndex" {file: "resource://gre/actors/AutoCompleteChild.jsm" line: 125}]'[JavaScript Error: "Invalid autocomplete selectedIndex" {file: "resource://gre/actors/AutoCompleteChild.jsm" line: 125}]' when calling method: [nsIAutoCompletePopup::selectedIndex]
1609693993228	Marionette	INFO	Stopped listening on port 46367

###!!! [Parent][RunMessage] Error: Channel closing: too late to send/recv, messages will be lost

1609694155956	geckodriver	INFO	Listening on 127.0.0.1:56459
1609694156961	mozrunner::runner	INFO	Running command: "/usr/bin/firefox" "--marionette" "-foreground" "-no-remote" "-profile" "/tmp/rust_mozprofileUJP93B"
console.warn: SearchSettings: "get: No settings file exists, new profile?" (new Error("", "(unknown module)"))
1609694163304	Marionette	INFO	Listening on port 40945
1609694163422	Marionette	WARN	TLS certificate errors will be ignored for this session
JavaScript error: /accounts/static/_/js/k=gaia.gaiafe_glif.en_GB.8oRFEnI-z7E.O/am=LwAAdmCDGvAAQIAJAAAAAEAAADAATCjLWPW1wvuX/d=1/ct=zgms/rs=ABkqax38rubcsNiN-n9ZtjLyWs9xNBo1mQ/m=glifb,identifier_view,unknownerror_view, line 635: NS_ERROR_NOT_INITIALIZED: 

###!!! [Child][RunMessage] Error: Channel closing: too late to send/recv, messages will be lost

1609694166377	Marionette	INFO	Stopped listening on port 40945

###!!! [Parent][RunMessage] Error: Channel closing: too late to send/recv, messages will be lost

